<?xml version="1.0" encoding="UTF-8"?>
<!-- Generated by org.testng.reporters.JUnitReportReporter -->
<testsuite hostname="DESKTOP-3OEL4UC" name="testing.AdminSeleniumTest" tests="1" failures="0" timestamp="5 Jan 2022 05:14:22 GMT" time="4.004" errors="0">
  <testcase name="ubuntumain" time="4.004" classname="testing.AdminSeleniumTest"/>
</testsuite> <!-- testing.AdminSeleniumTest -->
